<?xml version="1.0" encoding="UTF-8"?>
<testsuite xmlns:xsi="http://www.w3.org/2001/XMLSchema-instance" xsi:noNamespaceSchemaLocation="https://maven.apache.org/surefire/maven-surefire-plugin/xsd/surefire-test-report-3.0.xsd" version="3.0" name="TestSuite" time="87.639" tests="3" errors="0" skipped="0" failures="0">
  <properties>
    <property name="java.specification.version" value="23"/>
    <property name="sun.cpu.isalist" value="amd64"/>
    <property name="sun.jnu.encoding" value="Cp1252"/>
    <property name="java.class.path" value="C:\Users\SHRIYA SHETTY\eclipse-workspace\Capstone_Project\target\test-classes;C:\Users\SHRIYA SHETTY\eclipse-workspace\Capstone_Project\target\classes;C:\Users\SHRIYA SHETTY\.m2\repository\org\junit\jupiter\junit-jupiter-api\5.11.0\junit-jupiter-api-5.11.0.jar;C:\Users\SHRIYA SHETTY\.m2\repository\org\opentest4j\opentest4j\1.3.0\opentest4j-1.3.0.jar;C:\Users\SHRIYA SHETTY\.m2\repository\org\junit\platform\junit-platform-commons\1.11.0\junit-platform-commons-1.11.0.jar;C:\Users\SHRIYA SHETTY\.m2\repository\org\apiguardian\apiguardian-api\1.1.2\apiguardian-api-1.1.2.jar;C:\Users\SHRIYA SHETTY\.m2\repository\org\junit\jupiter\junit-jupiter-params\5.11.0\junit-jupiter-params-5.11.0.jar;C:\Users\SHRIYA SHETTY\.m2\repository\org\seleniumhq\selenium\selenium-java\4.28.1\selenium-java-4.28.1.jar;C:\Users\SHRIYA SHETTY\.m2\repository\org\seleniumhq\selenium\selenium-api\4.28.1\selenium-api-4.28.1.jar;C:\Users\SHRIYA SHETTY\.m2\repository\org\jspecify\jspecify\1.0.0\jspecify-1.0.0.jar;C:\Users\SHRIYA SHETTY\.m2\repository\org\seleniumhq\selenium\selenium-chrome-driver\4.28.1\selenium-chrome-driver-4.28.1.jar;C:\Users\SHRIYA SHETTY\.m2\repository\com\google\auto\service\auto-service-annotations\1.1.1\auto-service-annotations-1.1.1.jar;C:\Users\SHRIYA SHETTY\.m2\repository\org\seleniumhq\selenium\selenium-chromium-driver\4.28.1\selenium-chromium-driver-4.28.1.jar;C:\Users\SHRIYA SHETTY\.m2\repository\org\seleniumhq\selenium\selenium-json\4.28.1\selenium-json-4.28.1.jar;C:\Users\SHRIYA SHETTY\.m2\repository\org\seleniumhq\selenium\selenium-manager\4.28.1\selenium-manager-4.28.1.jar;C:\Users\SHRIYA SHETTY\.m2\repository\org\seleniumhq\selenium\selenium-devtools-v130\4.28.1\selenium-devtools-v130-4.28.1.jar;C:\Users\SHRIYA SHETTY\.m2\repository\org\seleniumhq\selenium\selenium-devtools-v131\4.28.1\selenium-devtools-v131-4.28.1.jar;C:\Users\SHRIYA SHETTY\.m2\repository\org\seleniumhq\selenium\selenium-devtools-v132\4.28.1\selenium-devtools-v132-4.28.1.jar;C:\Users\SHRIYA SHETTY\.m2\repository\org\seleniumhq\selenium\selenium-devtools-v85\4.28.1\selenium-devtools-v85-4.28.1.jar;C:\Users\SHRIYA SHETTY\.m2\repository\org\seleniumhq\selenium\selenium-edge-driver\4.28.1\selenium-edge-driver-4.28.1.jar;C:\Users\SHRIYA SHETTY\.m2\repository\org\seleniumhq\selenium\selenium-firefox-driver\4.28.1\selenium-firefox-driver-4.28.1.jar;C:\Users\SHRIYA SHETTY\.m2\repository\org\seleniumhq\selenium\selenium-http\4.28.1\selenium-http-4.28.1.jar;C:\Users\SHRIYA SHETTY\.m2\repository\org\seleniumhq\selenium\selenium-ie-driver\4.28.1\selenium-ie-driver-4.28.1.jar;C:\Users\SHRIYA SHETTY\.m2\repository\org\seleniumhq\selenium\selenium-remote-driver\4.28.1\selenium-remote-driver-4.28.1.jar;C:\Users\SHRIYA SHETTY\.m2\repository\com\google\guava\guava\33.4.0-jre\guava-33.4.0-jre.jar;C:\Users\SHRIYA SHETTY\.m2\repository\com\google\guava\failureaccess\1.0.2\failureaccess-1.0.2.jar;C:\Users\SHRIYA SHETTY\.m2\repository\com\google\guava\listenablefuture\9999.0-empty-to-avoid-conflict-with-guava\listenablefuture-9999.0-empty-to-avoid-conflict-with-guava.jar;C:\Users\SHRIYA SHETTY\.m2\repository\com\google\code\findbugs\jsr305\3.0.2\jsr305-3.0.2.jar;C:\Users\SHRIYA SHETTY\.m2\repository\org\checkerframework\checker-qual\3.43.0\checker-qual-3.43.0.jar;C:\Users\SHRIYA SHETTY\.m2\repository\com\google\errorprone\error_prone_annotations\2.36.0\error_prone_annotations-2.36.0.jar;C:\Users\SHRIYA SHETTY\.m2\repository\com\google\j2objc\j2objc-annotations\3.0.0\j2objc-annotations-3.0.0.jar;C:\Users\SHRIYA SHETTY\.m2\repository\io\opentelemetry\semconv\opentelemetry-semconv\1.28.0-alpha\opentelemetry-semconv-1.28.0-alpha.jar;C:\Users\SHRIYA SHETTY\.m2\repository\io\opentelemetry\opentelemetry-api\1.46.0\opentelemetry-api-1.46.0.jar;C:\Users\SHRIYA SHETTY\.m2\repository\io\opentelemetry\opentelemetry-context\1.46.0\opentelemetry-context-1.46.0.jar;C:\Users\SHRIYA SHETTY\.m2\repository\io\opentelemetry\opentelemetry-exporter-logging\1.46.0\opentelemetry-exporter-logging-1.46.0.jar;C:\Users\SHRIYA SHETTY\.m2\repository\io\opentelemetry\opentelemetry-sdk-common\1.46.0\opentelemetry-sdk-common-1.46.0.jar;C:\Users\SHRIYA SHETTY\.m2\repository\io\opentelemetry\opentelemetry-sdk-extension-autoconfigure-spi\1.46.0\opentelemetry-sdk-extension-autoconfigure-spi-1.46.0.jar;C:\Users\SHRIYA SHETTY\.m2\repository\io\opentelemetry\opentelemetry-sdk-extension-autoconfigure\1.46.0\opentelemetry-sdk-extension-autoconfigure-1.46.0.jar;C:\Users\SHRIYA SHETTY\.m2\repository\io\opentelemetry\opentelemetry-api-incubator\1.46.0-alpha\opentelemetry-api-incubator-1.46.0-alpha.jar;C:\Users\SHRIYA SHETTY\.m2\repository\io\opentelemetry\opentelemetry-sdk-trace\1.46.0\opentelemetry-sdk-trace-1.46.0.jar;C:\Users\SHRIYA SHETTY\.m2\repository\io\opentelemetry\opentelemetry-sdk\1.46.0\opentelemetry-sdk-1.46.0.jar;C:\Users\SHRIYA SHETTY\.m2\repository\io\opentelemetry\opentelemetry-sdk-metrics\1.46.0\opentelemetry-sdk-metrics-1.46.0.jar;C:\Users\SHRIYA SHETTY\.m2\repository\io\opentelemetry\opentelemetry-sdk-logs\1.46.0\opentelemetry-sdk-logs-1.46.0.jar;C:\Users\SHRIYA SHETTY\.m2\repository\net\bytebuddy\byte-buddy\1.15.11\byte-buddy-1.15.11.jar;C:\Users\SHRIYA SHETTY\.m2\repository\org\seleniumhq\selenium\selenium-os\4.28.1\selenium-os-4.28.1.jar;C:\Users\SHRIYA SHETTY\.m2\repository\org\apache\commons\commons-exec\1.4.0\commons-exec-1.4.0.jar;C:\Users\SHRIYA SHETTY\.m2\repository\org\seleniumhq\selenium\selenium-safari-driver\4.28.1\selenium-safari-driver-4.28.1.jar;C:\Users\SHRIYA SHETTY\.m2\repository\org\seleniumhq\selenium\selenium-support\4.28.1\selenium-support-4.28.1.jar;C:\Users\SHRIYA SHETTY\.m2\repository\org\testng\testng\7.10.2\testng-7.10.2.jar;C:\Users\SHRIYA SHETTY\.m2\repository\org\slf4j\slf4j-api\1.7.36\slf4j-api-1.7.36.jar;C:\Users\SHRIYA SHETTY\.m2\repository\com\beust\jcommander\1.82\jcommander-1.82.jar;C:\Users\SHRIYA SHETTY\.m2\repository\org\webjars\jquery\3.7.1\jquery-3.7.1.jar;C:\Users\SHRIYA SHETTY\.m2\repository\org\apache\poi\poi-ooxml\5.4.0\poi-ooxml-5.4.0.jar;C:\Users\SHRIYA SHETTY\.m2\repository\org\apache\poi\poi\5.4.0\poi-5.4.0.jar;C:\Users\SHRIYA SHETTY\.m2\repository\commons-codec\commons-codec\1.17.1\commons-codec-1.17.1.jar;C:\Users\SHRIYA SHETTY\.m2\repository\org\apache\commons\commons-math3\3.6.1\commons-math3-3.6.1.jar;C:\Users\SHRIYA SHETTY\.m2\repository\com\zaxxer\SparseBitSet\1.3\SparseBitSet-1.3.jar;C:\Users\SHRIYA SHETTY\.m2\repository\org\apache\poi\poi-ooxml-lite\5.4.0\poi-ooxml-lite-5.4.0.jar;C:\Users\SHRIYA SHETTY\.m2\repository\org\apache\xmlbeans\xmlbeans\5.3.0\xmlbeans-5.3.0.jar;C:\Users\SHRIYA SHETTY\.m2\repository\org\apache\commons\commons-compress\1.27.1\commons-compress-1.27.1.jar;C:\Users\SHRIYA SHETTY\.m2\repository\org\apache\commons\commons-lang3\3.16.0\commons-lang3-3.16.0.jar;C:\Users\SHRIYA SHETTY\.m2\repository\commons-io\commons-io\2.18.0\commons-io-2.18.0.jar;C:\Users\SHRIYA SHETTY\.m2\repository\com\github\virtuald\curvesapi\1.08\curvesapi-1.08.jar;C:\Users\SHRIYA SHETTY\.m2\repository\org\apache\logging\log4j\log4j-api\2.24.3\log4j-api-2.24.3.jar;C:\Users\SHRIYA SHETTY\.m2\repository\org\apache\commons\commons-collections4\4.4\commons-collections4-4.4.jar;C:\Users\SHRIYA SHETTY\.m2\repository\com\aventstack\extentreports\5.1.2\extentreports-5.1.2.jar;C:\Users\SHRIYA SHETTY\.m2\repository\io\reactivex\rxjava3\rxjava\3.1.6\rxjava-3.1.6.jar;C:\Users\SHRIYA SHETTY\.m2\repository\org\reactivestreams\reactive-streams\1.0.4\reactive-streams-1.0.4.jar;C:\Users\SHRIYA SHETTY\.m2\repository\org\freemarker\freemarker\2.3.32\freemarker-2.3.32.jar;C:\Users\SHRIYA SHETTY\.m2\repository\org\projectlombok\lombok\1.18.26\lombok-1.18.26.jar;C:\Users\SHRIYA SHETTY\.m2\repository\com\google\code\gson\gson\2.10.1\gson-2.10.1.jar;C:\Users\SHRIYA SHETTY\.m2\repository\org\apache\pdfbox\pdfbox\3.0.4\pdfbox-3.0.4.jar;C:\Users\SHRIYA SHETTY\.m2\repository\org\apache\pdfbox\pdfbox-io\3.0.4\pdfbox-io-3.0.4.jar;C:\Users\SHRIYA SHETTY\.m2\repository\org\apache\pdfbox\fontbox\3.0.4\fontbox-3.0.4.jar;C:\Users\SHRIYA SHETTY\.m2\repository\commons-logging\commons-logging\1.3.4\commons-logging-1.3.4.jar;"/>
    <property name="java.vm.vendor" value="Eclipse Adoptium"/>
    <property name="sun.arch.data.model" value="64"/>
    <property name="user.variant" value=""/>
    <property name="java.vendor.url" value="https://adoptium.net/"/>
    <property name="user.timezone" value="Asia/Calcutta"/>
    <property name="os.name" value="Windows 11"/>
    <property name="java.vm.specification.version" value="23"/>
    <property name="sun.java.launcher" value="SUN_STANDARD"/>
    <property name="user.country" value="IN"/>
    <property name="sun.boot.library.path" value="C:\Users\SHRIYA SHETTY\.p2\pool\plugins\org.eclipse.justj.openjdk.hotspot.jre.full.win32.x86_64_23.0.1.v20241024-1700\jre\bin"/>
    <property name="sun.java.command" value="C:\Users\SHRIYA SHETTY\AppData\Local\Temp\surefire9536818085894912337\surefirebooter17567377585997837182.jar C:\Users\SHRIYA SHETTY\AppData\Local\Temp\surefire9536818085894912337 2025-02-12T09-45-05_249-jvmRun1 surefire9188088440732370728tmp surefire_015518632949172260495tmp"/>
    <property name="jdk.debug" value="release"/>
    <property name="surefire.test.class.path" value="C:\Users\SHRIYA SHETTY\eclipse-workspace\Capstone_Project\target\test-classes;C:\Users\SHRIYA SHETTY\eclipse-workspace\Capstone_Project\target\classes;C:\Users\SHRIYA SHETTY\.m2\repository\org\junit\jupiter\junit-jupiter-api\5.11.0\junit-jupiter-api-5.11.0.jar;C:\Users\SHRIYA SHETTY\.m2\repository\org\opentest4j\opentest4j\1.3.0\opentest4j-1.3.0.jar;C:\Users\SHRIYA SHETTY\.m2\repository\org\junit\platform\junit-platform-commons\1.11.0\junit-platform-commons-1.11.0.jar;C:\Users\SHRIYA SHETTY\.m2\repository\org\apiguardian\apiguardian-api\1.1.2\apiguardian-api-1.1.2.jar;C:\Users\SHRIYA SHETTY\.m2\repository\org\junit\jupiter\junit-jupiter-params\5.11.0\junit-jupiter-params-5.11.0.jar;C:\Users\SHRIYA SHETTY\.m2\repository\org\seleniumhq\selenium\selenium-java\4.28.1\selenium-java-4.28.1.jar;C:\Users\SHRIYA SHETTY\.m2\repository\org\seleniumhq\selenium\selenium-api\4.28.1\selenium-api-4.28.1.jar;C:\Users\SHRIYA SHETTY\.m2\repository\org\jspecify\jspecify\1.0.0\jspecify-1.0.0.jar;C:\Users\SHRIYA SHETTY\.m2\repository\org\seleniumhq\selenium\selenium-chrome-driver\4.28.1\selenium-chrome-driver-4.28.1.jar;C:\Users\SHRIYA SHETTY\.m2\repository\com\google\auto\service\auto-service-annotations\1.1.1\auto-service-annotations-1.1.1.jar;C:\Users\SHRIYA SHETTY\.m2\repository\org\seleniumhq\selenium\selenium-chromium-driver\4.28.1\selenium-chromium-driver-4.28.1.jar;C:\Users\SHRIYA SHETTY\.m2\repository\org\seleniumhq\selenium\selenium-json\4.28.1\selenium-json-4.28.1.jar;C:\Users\SHRIYA SHETTY\.m2\repository\org\seleniumhq\selenium\selenium-manager\4.28.1\selenium-manager-4.28.1.jar;C:\Users\SHRIYA SHETTY\.m2\repository\org\seleniumhq\selenium\selenium-devtools-v130\4.28.1\selenium-devtools-v130-4.28.1.jar;C:\Users\SHRIYA SHETTY\.m2\repository\org\seleniumhq\selenium\selenium-devtools-v131\4.28.1\selenium-devtools-v131-4.28.1.jar;C:\Users\SHRIYA SHETTY\.m2\repository\org\seleniumhq\selenium\selenium-devtools-v132\4.28.1\selenium-devtools-v132-4.28.1.jar;C:\Users\SHRIYA SHETTY\.m2\repository\org\seleniumhq\selenium\selenium-devtools-v85\4.28.1\selenium-devtools-v85-4.28.1.jar;C:\Users\SHRIYA SHETTY\.m2\repository\org\seleniumhq\selenium\selenium-edge-driver\4.28.1\selenium-edge-driver-4.28.1.jar;C:\Users\SHRIYA SHETTY\.m2\repository\org\seleniumhq\selenium\selenium-firefox-driver\4.28.1\selenium-firefox-driver-4.28.1.jar;C:\Users\SHRIYA SHETTY\.m2\repository\org\seleniumhq\selenium\selenium-http\4.28.1\selenium-http-4.28.1.jar;C:\Users\SHRIYA SHETTY\.m2\repository\org\seleniumhq\selenium\selenium-ie-driver\4.28.1\selenium-ie-driver-4.28.1.jar;C:\Users\SHRIYA SHETTY\.m2\repository\org\seleniumhq\selenium\selenium-remote-driver\4.28.1\selenium-remote-driver-4.28.1.jar;C:\Users\SHRIYA SHETTY\.m2\repository\com\google\guava\guava\33.4.0-jre\guava-33.4.0-jre.jar;C:\Users\SHRIYA SHETTY\.m2\repository\com\google\guava\failureaccess\1.0.2\failureaccess-1.0.2.jar;C:\Users\SHRIYA SHETTY\.m2\repository\com\google\guava\listenablefuture\9999.0-empty-to-avoid-conflict-with-guava\listenablefuture-9999.0-empty-to-avoid-conflict-with-guava.jar;C:\Users\SHRIYA SHETTY\.m2\repository\com\google\code\findbugs\jsr305\3.0.2\jsr305-3.0.2.jar;C:\Users\SHRIYA SHETTY\.m2\repository\org\checkerframework\checker-qual\3.43.0\checker-qual-3.43.0.jar;C:\Users\SHRIYA SHETTY\.m2\repository\com\google\errorprone\error_prone_annotations\2.36.0\error_prone_annotations-2.36.0.jar;C:\Users\SHRIYA SHETTY\.m2\repository\com\google\j2objc\j2objc-annotations\3.0.0\j2objc-annotations-3.0.0.jar;C:\Users\SHRIYA SHETTY\.m2\repository\io\opentelemetry\semconv\opentelemetry-semconv\1.28.0-alpha\opentelemetry-semconv-1.28.0-alpha.jar;C:\Users\SHRIYA SHETTY\.m2\repository\io\opentelemetry\opentelemetry-api\1.46.0\opentelemetry-api-1.46.0.jar;C:\Users\SHRIYA SHETTY\.m2\repository\io\opentelemetry\opentelemetry-context\1.46.0\opentelemetry-context-1.46.0.jar;C:\Users\SHRIYA SHETTY\.m2\repository\io\opentelemetry\opentelemetry-exporter-logging\1.46.0\opentelemetry-exporter-logging-1.46.0.jar;C:\Users\SHRIYA SHETTY\.m2\repository\io\opentelemetry\opentelemetry-sdk-common\1.46.0\opentelemetry-sdk-common-1.46.0.jar;C:\Users\SHRIYA SHETTY\.m2\repository\io\opentelemetry\opentelemetry-sdk-extension-autoconfigure-spi\1.46.0\opentelemetry-sdk-extension-autoconfigure-spi-1.46.0.jar;C:\Users\SHRIYA SHETTY\.m2\repository\io\opentelemetry\opentelemetry-sdk-extension-autoconfigure\1.46.0\opentelemetry-sdk-extension-autoconfigure-1.46.0.jar;C:\Users\SHRIYA SHETTY\.m2\repository\io\opentelemetry\opentelemetry-api-incubator\1.46.0-alpha\opentelemetry-api-incubator-1.46.0-alpha.jar;C:\Users\SHRIYA SHETTY\.m2\repository\io\opentelemetry\opentelemetry-sdk-trace\1.46.0\opentelemetry-sdk-trace-1.46.0.jar;C:\Users\SHRIYA SHETTY\.m2\repository\io\opentelemetry\opentelemetry-sdk\1.46.0\opentelemetry-sdk-1.46.0.jar;C:\Users\SHRIYA SHETTY\.m2\repository\io\opentelemetry\opentelemetry-sdk-metrics\1.46.0\opentelemetry-sdk-metrics-1.46.0.jar;C:\Users\SHRIYA SHETTY\.m2\repository\io\opentelemetry\opentelemetry-sdk-logs\1.46.0\opentelemetry-sdk-logs-1.46.0.jar;C:\Users\SHRIYA SHETTY\.m2\repository\net\bytebuddy\byte-buddy\1.15.11\byte-buddy-1.15.11.jar;C:\Users\SHRIYA SHETTY\.m2\repository\org\seleniumhq\selenium\selenium-os\4.28.1\selenium-os-4.28.1.jar;C:\Users\SHRIYA SHETTY\.m2\repository\org\apache\commons\commons-exec\1.4.0\commons-exec-1.4.0.jar;C:\Users\SHRIYA SHETTY\.m2\repository\org\seleniumhq\selenium\selenium-safari-driver\4.28.1\selenium-safari-driver-4.28.1.jar;C:\Users\SHRIYA SHETTY\.m2\repository\org\seleniumhq\selenium\selenium-support\4.28.1\selenium-support-4.28.1.jar;C:\Users\SHRIYA SHETTY\.m2\repository\org\testng\testng\7.10.2\testng-7.10.2.jar;C:\Users\SHRIYA SHETTY\.m2\repository\org\slf4j\slf4j-api\1.7.36\slf4j-api-1.7.36.jar;C:\Users\SHRIYA SHETTY\.m2\repository\com\beust\jcommander\1.82\jcommander-1.82.jar;C:\Users\SHRIYA SHETTY\.m2\repository\org\webjars\jquery\3.7.1\jquery-3.7.1.jar;C:\Users\SHRIYA SHETTY\.m2\repository\org\apache\poi\poi-ooxml\5.4.0\poi-ooxml-5.4.0.jar;C:\Users\SHRIYA SHETTY\.m2\repository\org\apache\poi\poi\5.4.0\poi-5.4.0.jar;C:\Users\SHRIYA SHETTY\.m2\repository\commons-codec\commons-codec\1.17.1\commons-codec-1.17.1.jar;C:\Users\SHRIYA SHETTY\.m2\repository\org\apache\commons\commons-math3\3.6.1\commons-math3-3.6.1.jar;C:\Users\SHRIYA SHETTY\.m2\repository\com\zaxxer\SparseBitSet\1.3\SparseBitSet-1.3.jar;C:\Users\SHRIYA SHETTY\.m2\repository\org\apache\poi\poi-ooxml-lite\5.4.0\poi-ooxml-lite-5.4.0.jar;C:\Users\SHRIYA SHETTY\.m2\repository\org\apache\xmlbeans\xmlbeans\5.3.0\xmlbeans-5.3.0.jar;C:\Users\SHRIYA SHETTY\.m2\repository\org\apache\commons\commons-compress\1.27.1\commons-compress-1.27.1.jar;C:\Users\SHRIYA SHETTY\.m2\repository\org\apache\commons\commons-lang3\3.16.0\commons-lang3-3.16.0.jar;C:\Users\SHRIYA SHETTY\.m2\repository\commons-io\commons-io\2.18.0\commons-io-2.18.0.jar;C:\Users\SHRIYA SHETTY\.m2\repository\com\github\virtuald\curvesapi\1.08\curvesapi-1.08.jar;C:\Users\SHRIYA SHETTY\.m2\repository\org\apache\logging\log4j\log4j-api\2.24.3\log4j-api-2.24.3.jar;C:\Users\SHRIYA SHETTY\.m2\repository\org\apache\commons\commons-collections4\4.4\commons-collections4-4.4.jar;C:\Users\SHRIYA SHETTY\.m2\repository\com\aventstack\extentreports\5.1.2\extentreports-5.1.2.jar;C:\Users\SHRIYA SHETTY\.m2\repository\io\reactivex\rxjava3\rxjava\3.1.6\rxjava-3.1.6.jar;C:\Users\SHRIYA SHETTY\.m2\repository\org\reactivestreams\reactive-streams\1.0.4\reactive-streams-1.0.4.jar;C:\Users\SHRIYA SHETTY\.m2\repository\org\freemarker\freemarker\2.3.32\freemarker-2.3.32.jar;C:\Users\SHRIYA SHETTY\.m2\repository\org\projectlombok\lombok\1.18.26\lombok-1.18.26.jar;C:\Users\SHRIYA SHETTY\.m2\repository\com\google\code\gson\gson\2.10.1\gson-2.10.1.jar;C:\Users\SHRIYA SHETTY\.m2\repository\org\apache\pdfbox\pdfbox\3.0.4\pdfbox-3.0.4.jar;C:\Users\SHRIYA SHETTY\.m2\repository\org\apache\pdfbox\pdfbox-io\3.0.4\pdfbox-io-3.0.4.jar;C:\Users\SHRIYA SHETTY\.m2\repository\org\apache\pdfbox\fontbox\3.0.4\fontbox-3.0.4.jar;C:\Users\SHRIYA SHETTY\.m2\repository\commons-logging\commons-logging\1.3.4\commons-logging-1.3.4.jar;"/>
    <property name="sun.cpu.endian" value="little"/>
    <property name="user.home" value="C:\Users\SHRIYA SHETTY"/>
    <property name="user.language" value="en"/>
    <property name="java.specification.vendor" value="Oracle Corporation"/>
    <property name="java.version.date" value="2024-10-15"/>
    <property name="java.home" value="C:\Users\SHRIYA SHETTY\.p2\pool\plugins\org.eclipse.justj.openjdk.hotspot.jre.full.win32.x86_64_23.0.1.v20241024-1700\jre"/>
    <property name="file.separator" value="\"/>
    <property name="basedir" value="C:\Users\SHRIYA SHETTY\eclipse-workspace\Capstone_Project"/>
    <property name="style.color" value="always"/>
    <property name="java.vm.compressedOopsMode" value="Zero based"/>
    <property name="line.separator" value="&#10;"/>
    <property name="java.vm.specification.vendor" value="Oracle Corporation"/>
    <property name="java.specification.name" value="Java Platform API Specification"/>
    <property name="surefire.real.class.path" value="C:\Users\SHRIYA SHETTY\AppData\Local\Temp\surefire9536818085894912337\surefirebooter17567377585997837182.jar"/>
    <property name="user.script" value=""/>
    <property name="sun.management.compiler" value="HotSpot 64-Bit Tiered Compilers"/>
    <property name="java.runtime.version" value="23.0.1+11"/>
    <property name="user.name" value="SHRIYA SHETTY"/>
    <property name="stdout.encoding" value="Cp1252"/>
    <property name="path.separator" value=";"/>
    <property name="os.version" value="10.0"/>
    <property name="java.runtime.name" value="OpenJDK Runtime Environment"/>
    <property name="file.encoding" value="UTF-8"/>
    <property name="java.vm.name" value="OpenJDK 64-Bit Server VM"/>
    <property name="java.vendor.version" value="Temurin-23.0.1+11"/>
    <property name="localRepository" value="C:\Users\SHRIYA SHETTY\.m2\repository"/>
    <property name="java.vendor.url.bug" value="https://github.com/adoptium/adoptium-support/issues"/>
    <property name="java.io.tmpdir" value="C:\Users\SHRIYA~1\AppData\Local\Temp\"/>
    <property name="java.version" value="23.0.1"/>
    <property name="user.dir" value="C:\Users\SHRIYA SHETTY\eclipse-workspace\Capstone_Project"/>
    <property name="os.arch" value="amd64"/>
    <property name="java.vm.specification.name" value="Java Virtual Machine Specification"/>
    <property name="sun.os.patch.level" value=""/>
    <property name="native.encoding" value="Cp1252"/>
    <property name="java.library.path" value="C:\Users\SHRIYA SHETTY\.p2\pool\plugins\org.eclipse.justj.openjdk.hotspot.jre.full.win32.x86_64_23.0.1.v20241024-1700\jre\bin;C:\windows\Sun\Java\bin;C:\windows\system32;C:\windows;C:/Users/SHRIYA SHETTY/.p2/pool/plugins/org.eclipse.justj.openjdk.hotspot.jre.full.win32.x86_64_23.0.1.v20241024-1700/jre/bin/server;C:/Users/SHRIYA SHETTY/.p2/pool/plugins/org.eclipse.justj.openjdk.hotspot.jre.full.win32.x86_64_23.0.1.v20241024-1700/jre/bin;C:\windows\system32;C:\windows;C:\windows\System32\Wbem;C:\windows\System32\WindowsPowerShell\v1.0\;C:\windows\System32\OpenSSH\;C:\Users\SHRIYA SHETTY\AppData\Local\Programs\Python\Python313\Scripts\;C:\Users\SHRIYA SHETTY\AppData\Local\Programs\Python\Python313\;C:\Users\SHRIYA SHETTY\AppData\Local\Programs\Python\Launcher\;C:\Users\SHRIYA SHETTY\AppData\Local\Microsoft\WindowsApps;C:\Users\SHRIYA SHETTY\Documents\jdk-17.0.12_windows-x64_bin\jdk-17.0.12\bin;C:\Users\SHRIYA SHETTY\Documents\apache-maven-3.9.9-bin\apache-maven-3.9.9\bin;C:\Program Files\Git\bin;C:\Program Files\Git\cmd;;C:\windows\System32;;."/>
    <property name="java.vm.info" value="mixed mode, sharing"/>
    <property name="stderr.encoding" value="Cp1252"/>
    <property name="java.vendor" value="Eclipse Adoptium"/>
    <property name="java.vm.version" value="23.0.1+11"/>
    <property name="sun.io.unicode.encoding" value="UnicodeLittle"/>
    <property name="java.class.version" value="67.0"/>
  </properties>
  <testcase name="purchaseMobileTest" classname="testcases.PurchaseMobileTest" time="21.472"/>
  <testcase name="purchaseLaptopTest" classname="testcases.PurchaseLaptopTest" time="20.594"/>
  <testcase name="purchaseMonitorTest" classname="testcases.PurchaseMonitorTest" time="20.207"/>
</testsuite>