<?xml version="1.0" encoding="UTF-8"?>
<!-- Generated by org.testng.reporters.JUnitReportReporter -->
<testsuite hostname="LAPTOP-R0NBRE37" failures="0" tests="1" name="testcases.PurchaseTest" time="18.928" errors="0" timestamp="2025-02-07T18:42:38 IST" skipped="0">
  <testcase classname="testcases.PurchaseTest" name="purchaseMobileTest" time="18.928"/>
</testsuite> <!-- testcases.PurchaseTest -->
