<?xml version="1.0" encoding="UTF-8"?>
<!-- Generated by org.testng.reporters.JUnitReportReporter -->
<testsuite hostname="LAPTOP-R0NBRE37" failures="0" tests="1" name="testcases.PurchaseMobileTest" time="21.628" errors="0" timestamp="2025-02-08T16:15:24 IST" skipped="0">
  <testcase classname="testcases.PurchaseMobileTest" name="purchaseMobileTest" time="21.628"/>
  <system-out/>
</testsuite> <!-- testcases.PurchaseMobileTest -->
