<?xml version="1.0" encoding="UTF-8"?>
<!-- Generated by org.testng.reporters.JUnitReportReporter -->
<testsuite hostname="LAPTOP-R0NBRE37" failures="0" tests="1" name="testcases.PurchaseMonitorTest" time="26.294" errors="0" timestamp="2025-02-08T13:13:47 IST" skipped="0">
  <testcase classname="testcases.PurchaseMonitorTest" name="purchaseMonitorTest" time="26.294"/>
</testsuite> <!-- testcases.PurchaseMonitorTest -->
